<?xml version="1.0" encoding="UTF-8"?>
<testsuite xmlns:xsi="http://www.w3.org/2001/XMLSchema-instance" xsi:noNamespaceSchemaLocation="https://maven.apache.org/surefire/maven-surefire-plugin/xsd/surefire-test-report-3.0.xsd" version="3.0" name="create_courier.CreateCourierTest" time="2.018" tests="2" errors="0" skipped="0" failures="0">
  <properties>
[...]
</properties>
  <testcase name="createCourierSuccessfully" classname="create_courier.CreateCourierTest" time="0.799"/>
  <testcase name="cantCreateDuplicateCourier" classname="create_courier.CreateCourierTest" time="1.215"/>
</testsuite>